<?xml version="1.0" encoding="UTF-8"?>
<!-- Generated by org.testng.reporters.JUnitReportReporter -->
<testsuite hostname="DESKTOP-DEGCNES" failures="0" tests="1" name="Testcases.Tc_BookHotel_001" time="107.543" errors="0" timestamp="2023-09-25T12:20:23 IST" skipped="0">
  <testcase classname="Testcases.Tc_BookHotel_001" name="SelectHotel" time="107.543"/>
</testsuite> <!-- Testcases.Tc_BookHotel_001 -->
